This is pdfTeX, Version 3.141592653-2.6-1.40.29 (MiKTeX 26.2) (preloaded format=pdflatex 2026.4.5)  5 APR 2026 11:46
entering extended mode
 restricted \write18 enabled.
 file:line:error style messages enabled.
 %&-line parsing enabled.
**"c:/Users/Pichau/Documents/REPOSITÓRIOS/obsidian_notebook/Otimização com Metaheurísticas/main.tex"
(c:/Users/Pichau/Documents/REPOSITÓRIOS/obsidian_notebook/Otimização com Metaheurísticas/main.tex
LaTeX2e <2025-11-01>
L3 programming layer <2026-01-19>
(C:\Program Files\MiKTeX\tex/latex/base\article.cls
Document Class: article 2025/01/22 v1.4n Standard LaTeX document class
(C:\Program Files\MiKTeX\tex/latex/base\size10.clo
File: size10.clo 2025/01/22 v1.4n Standard LaTeX file (size option)
)
\c@part=\count275
\c@section=\count276
\c@subsection=\count277
\c@subsubsection=\count278
\c@paragraph=\count279
\c@subparagraph=\count280
\c@figure=\count281
\c@table=\count282
\abovecaptionskip=\skip49
\belowcaptionskip=\skip50
\bibindent=\dimen148
) (C:\Program Files\MiKTeX\tex/latex/base\inputenc.sty
Package: inputenc 2024/02/08 v1.3d Input encoding file
\inpenc@prehook=\toks17
\inpenc@posthook=\toks18
) (C:\Program Files\MiKTeX\tex/latex/graphics\graphicx.sty
Package: graphicx 2024/12/31 v1.2e Enhanced LaTeX Graphics (DPC,SPQR)
 (C:\Program Files\MiKTeX\tex/latex/graphics\keyval.sty
Package: keyval 2022/05/29 v1.15 key=value parser (DPC)
\KV@toks@=\toks19
) (C:\Program Files\MiKTeX\tex/latex/graphics\graphics.sty
Package: graphics 2024/08/06 v1.4g Standard LaTeX Graphics (DPC,SPQR)
 (C:\Program Files\MiKTeX\tex/latex/graphics\trig.sty
Package: trig 2023/12/02 v1.11 sin cos tan (DPC)
) (C:\Program Files\MiKTeX\tex/latex/graphics-cfg\graphics.cfg
File: graphics.cfg 2016/06/04 v1.11 sample graphics configuration
)
Package graphics Info: Driver file: pdftex.def on input line 106.
 (C:\Program Files\MiKTeX\tex/latex/graphics-def\pdftex.def
File: pdftex.def 2025/09/29 v1.2d Graphics/color driver for pdftex
))
\Gin@req@height=\dimen149
\Gin@req@width=\dimen150
) (C:\Program Files\MiKTeX\tex/latex/float\float.sty
Package: float 2001/11/08 v1.3d Float enhancements (AL)
\c@float@type=\count283
\float@exts=\toks20
\float@box=\box53
\@float@everytoks=\toks21
\@floatcapt=\box54
) (C:\Program Files\MiKTeX\tex/latex/caption\subcaption.sty
Package: subcaption 2023/07/28 v1.6b Sub-captions (AR)
 (C:\Program Files\MiKTeX\tex/latex/caption\caption.sty
Package: caption 2023/08/05 v3.6o Customizing captions (AR)
 (C:\Program Files\MiKTeX\tex/latex/caption\caption3.sty
Package: caption3 2023/07/31 v2.4d caption3 kernel (AR)
\caption@tempdima=\dimen151
\captionmargin=\dimen152
\caption@leftmargin=\dimen153
\caption@rightmargin=\dimen154
\caption@width=\dimen155
\caption@indent=\dimen156
\caption@parindent=\dimen157
\caption@hangindent=\dimen158
Package caption Info: Standard document class detected.
)
\c@caption@flags=\count284
\c@continuedfloat=\count285
Package caption Info: float package is loaded.
)
Package caption Info: New subtype `subfigure' on input line 238.
\c@subfigure=\count286
Package caption Info: New subtype `subtable' on input line 238.
\c@subtable=\count287
) (C:\Program Files\MiKTeX\tex/latex/tools\array.sty
Package: array 2025/09/25 v2.6n Tabular extension package (FMi)
\col@sep=\dimen159
\ar@mcellbox=\box55
\extrarowheight=\dimen160
\NC@list=\toks22
\extratabsurround=\skip51
\backup@length=\skip52
\ar@cellbox=\box56
) (C:\Program Files\MiKTeX\tex/latex/adjustbox\adjustbox.sty
Package: adjustbox 2025/02/26 v1.3c Adjusting TeX boxes (trim, clip, ...)
 (C:\Program Files\MiKTeX\tex/latex/xkeyval\xkeyval.sty
Package: xkeyval 2022/06/16 v2.9 package option processing (HA)
 (C:\Program Files\MiKTeX\tex/generic/xkeyval\xkeyval.tex (C:\Program Files\MiKTeX\tex/generic/xkeyval\xkvutils.tex
\XKV@toks=\toks23
\XKV@tempa@toks=\toks24
)
\XKV@depth=\count288
File: xkeyval.tex 2014/12/03 v2.7a key=value parser (HA)
)) (C:\Program Files\MiKTeX\tex/latex/adjustbox\adjcalc.sty
Package: adjcalc 2012/05/16 v1.1 Provides advanced setlength with multiple back-ends (calc, etex, pgfmath)
) (C:\Program Files\MiKTeX\tex/latex/adjustbox\trimclip.sty
Package: trimclip 2025/02/21 v1.2a Trim and clip general TeX material
 (C:\Program Files\MiKTeX\tex/latex/collectbox\collectbox.sty
Package: collectbox 2022/10/17 v0.4c Collect macro arguments as boxes
\collectedbox=\box57
)
\tc@llx=\dimen161
\tc@lly=\dimen162
\tc@urx=\dimen163
\tc@ury=\dimen164
Package trimclip Info: Using driver 'tc-pdftex.def'.
 (C:\Program Files\MiKTeX\tex/latex/adjustbox\tc-pdftex.def
File: tc-pdftex.def 2025/02/26 v2.3 Clipping driver for pdftex
))
\adjbox@Width=\dimen165
\adjbox@Height=\dimen166
\adjbox@Depth=\dimen167
\adjbox@Totalheight=\dimen168
\adjbox@pwidth=\dimen169
\adjbox@pheight=\dimen170
\adjbox@pdepth=\dimen171
\adjbox@ptotalheight=\dimen172
 (C:\Program Files\MiKTeX\tex/latex/ifoddpage\ifoddpage.sty
Package: ifoddpage 2022/10/18 v1.2 Conditionals for odd/even page detection
\c@checkoddpage=\count289
) (C:\Program Files\MiKTeX\tex/latex/varwidth\varwidth.sty
Package: varwidth 2009/03/30 ver 0.92;  Variable-width minipages
\@vwid@box=\box58
\sift@deathcycles=\count290
\@vwid@loff=\dimen173
\@vwid@roff=\dimen174
)
==> First Aid for varwidth.sty applied!
) (C:\Program Files\MiKTeX\tex/latex/hyperref\hyperref.sty
Package: hyperref 2026-01-29 v7.01p Hypertext links for LaTeX
 (C:\Program Files\MiKTeX\tex/generic/iftex\iftex.sty
Package: iftex 2024/12/12 v1.0g TeX engine tests
) (C:\Program Files\MiKTeX\tex/latex/kvsetkeys\kvsetkeys.sty
Package: kvsetkeys 2022-10-05 v1.19 Key value parser (HO)
) (C:\Program Files\MiKTeX\tex/generic/kvdefinekeys\kvdefinekeys.sty
Package: kvdefinekeys 2019-12-19 v1.6 Define keys (HO)
) (C:\Program Files\MiKTeX\tex/generic/pdfescape\pdfescape.sty
Package: pdfescape 2019/12/09 v1.15 Implements pdfTeX's escape features (HO)
 (C:\Program Files\MiKTeX\tex/generic/ltxcmds\ltxcmds.sty
Package: ltxcmds 2023-12-04 v1.26 LaTeX kernel commands for general use (HO)
) (C:\Program Files\MiKTeX\tex/generic/pdftexcmds\pdftexcmds.sty
Package: pdftexcmds 2020-06-27 v0.33 Utility functions of pdfTeX for LuaTeX (HO)
 (C:\Program Files\MiKTeX\tex/generic/infwarerr\infwarerr.sty
Package: infwarerr 2019/12/03 v1.5 Providing info/warning/error messages (HO)
)
Package pdftexcmds Info: \pdf@primitive is available.
Package pdftexcmds Info: \pdf@ifprimitive is available.
Package pdftexcmds Info: \pdfdraftmode found.
)) (C:\Program Files\MiKTeX\tex/latex/hycolor\hycolor.sty
Package: hycolor 2020-01-27 v1.10 Color options for hyperref/bookmark (HO)
) (C:\Program Files\MiKTeX\tex/latex/hyperref\nameref.sty
Package: nameref 2026-01-29 v2.58 Cross-referencing by name of section
 (C:\Program Files\MiKTeX\tex/latex/refcount\refcount.sty
Package: refcount 2019/12/15 v3.6 Data extraction from label references (HO)
) (C:\Program Files\MiKTeX\tex/generic/gettitlestring\gettitlestring.sty
Package: gettitlestring 2019/12/15 v1.6 Cleanup title references (HO)
 (C:\Program Files\MiKTeX\tex/latex/kvoptions\kvoptions.sty
Package: kvoptions 2022-06-15 v3.15 Key value format for package options (HO)
))
\c@section@level=\count291
) (C:\Program Files\MiKTeX\tex/latex/etoolbox\etoolbox.sty
Package: etoolbox 2025/10/02 v2.5m e-TeX tools for LaTeX (JAW)
\etb@tempcnta=\count292
) (C:\Program Files\MiKTeX\tex/generic/stringenc\stringenc.sty
Package: stringenc 2019/11/29 v1.12 Convert strings between diff. encodings (HO)
)
\@linkdim=\dimen175
\Hy@linkcounter=\count293
\Hy@pagecounter=\count294
 (C:\Program Files\MiKTeX\tex/latex/hyperref\pd1enc.def
File: pd1enc.def 2026-01-29 v7.01p Hyperref: PDFDocEncoding definition (HO)
Now handling font encoding PD1 ...
... no UTF-8 mapping file for font encoding PD1
) (C:\Program Files\MiKTeX\tex/generic/intcalc\intcalc.sty
Package: intcalc 2019/12/15 v1.3 Expandable calculations with integers (HO)
)
\Hy@SavedSpaceFactor=\count295
 (C:\Program Files\MiKTeX\tex/latex/hyperref\puenc.def
File: puenc.def 2026-01-29 v7.01p Hyperref: PDF Unicode definition (HO)
Now handling font encoding PU ...
... no UTF-8 mapping file for font encoding PU
)
Package hyperref Info: Hyper figures OFF on input line 4201.
Package hyperref Info: Link nesting OFF on input line 4206.
Package hyperref Info: Hyper index ON on input line 4209.
Package hyperref Info: Plain pages OFF on input line 4216.
Package hyperref Info: Backreferencing OFF on input line 4221.
Package hyperref Info: Implicit mode ON; LaTeX internals redefined.
Package hyperref Info: Bookmarks ON on input line 4468.
\c@Hy@tempcnt=\count296
 (C:\Program Files\MiKTeX\tex/latex/url\url.sty
\Urlmuskip=\muskip17
Package: url 2013/09/16  ver 3.4  Verb mode for urls, etc.
)
LaTeX Info: Redefining \url on input line 4807.
\XeTeXLinkMargin=\dimen176
 (C:\Program Files\MiKTeX\tex/generic/bitset\bitset.sty
Package: bitset 2019/12/09 v1.3 Handle bit-vector datatype (HO)
 (C:\Program Files\MiKTeX\tex/generic/bigintcalc\bigintcalc.sty
Package: bigintcalc 2019/12/15 v1.5 Expandable calculations on big integers (HO)
))
\Fld@menulength=\count297
\Field@Width=\dimen177
\Fld@charsize=\dimen178
Package hyperref Info: Hyper figures OFF on input line 6084.
Package hyperref Info: Link nesting OFF on input line 6089.
Package hyperref Info: Hyper index ON on input line 6092.
Package hyperref Info: backreferencing OFF on input line 6099.
Package hyperref Info: Link coloring OFF on input line 6104.
Package hyperref Info: Link coloring with OCG OFF on input line 6109.
Package hyperref Info: PDF/A mode OFF on input line 6114.
\Hy@abspage=\count298
\c@Item=\count299
\c@Hfootnote=\count300
)
Package hyperref Info: Driver (autodetected): hpdftex.
 (C:\Program Files\MiKTeX\tex/latex/hyperref\hpdftex.def
File: hpdftex.def 2026-01-29 v7.01p Hyperref driver for pdfTeX
\Fld@listcount=\count301
\c@bookmark@seq@number=\count302
 (C:\Program Files\MiKTeX\tex/latex/rerunfilecheck\rerunfilecheck.sty
Package: rerunfilecheck 2025-06-21 v1.11 Rerun checks for auxiliary files (HO)
 (C:\Program Files\MiKTeX\tex/generic/uniquecounter\uniquecounter.sty
Package: uniquecounter 2019/12/15 v1.4 Provide unlimited unique counter (HO)
)
Package uniquecounter Info: New unique counter `rerunfilecheck' on input line 284.
)
\Hy@SectionHShift=\skip53
) (C:\Program Files\MiKTeX\tex/latex/l3backend\l3backend-pdftex.def
File: l3backend-pdftex.def 2025-10-09 L3 backend support: PDF output (pdfTeX)
\l__color_backend_stack_int=\count303
) (main.aux

LaTeX Warning: Label `tab:placeholder' multiply defined.


LaTeX Warning: Label `tab:placeholder' multiply defined.


LaTeX Warning: Label `tab:placeholder' multiply defined.


LaTeX Warning: Label `tab:placeholder' multiply defined.


LaTeX Warning: Label `tab:placeholder' multiply defined.

)
\openout1 = `main.aux'.

LaTeX Font Info:    Checking defaults for OML/cmm/m/it on input line 14.
LaTeX Font Info:    ... okay on input line 14.
LaTeX Font Info:    Checking defaults for OMS/cmsy/m/n on input line 14.
LaTeX Font Info:    ... okay on input line 14.
LaTeX Font Info:    Checking defaults for OT1/cmr/m/n on input line 14.
LaTeX Font Info:    ... okay on input line 14.
LaTeX Font Info:    Checking defaults for T1/cmr/m/n on input line 14.
LaTeX Font Info:    ... okay on input line 14.
LaTeX Font Info:    Checking defaults for TS1/cmr/m/n on input line 14.
LaTeX Font Info:    ... okay on input line 14.
LaTeX Font Info:    Checking defaults for OMX/cmex/m/n on input line 14.
LaTeX Font Info:    ... okay on input line 14.
LaTeX Font Info:    Checking defaults for U/cmr/m/n on input line 14.
LaTeX Font Info:    ... okay on input line 14.
LaTeX Font Info:    Checking defaults for PD1/pdf/m/n on input line 14.
LaTeX Font Info:    ... okay on input line 14.
LaTeX Font Info:    Checking defaults for PU/pdf/m/n on input line 14.
LaTeX Font Info:    ... okay on input line 14.
 (C:\Program Files\MiKTeX\tex/context/base/mkii\supp-pdf.mkii
[Loading MPS to PDF converter (version 2006.09.02).]
\scratchcounter=\count304
\scratchdimen=\dimen179
\scratchbox=\box59
\nofMPsegments=\count305
\nofMParguments=\count306
\everyMPshowfont=\toks25
\MPscratchCnt=\count307
\MPscratchDim=\dimen180
\MPnumerator=\count308
\makeMPintoPDFobject=\count309
\everyMPtoPDFconversion=\toks26
) (C:\Program Files\MiKTeX\tex/latex/epstopdf-pkg\epstopdf-base.sty
Package: epstopdf-base 2020-01-24 v2.11 Base part for package epstopdf
Package epstopdf-base Info: Redefining graphics rule for `.eps' on input line 485.
 (C:\Program Files\MiKTeX\tex/latex/00miktex\epstopdf-sys.cfg
File: epstopdf-sys.cfg 2021/03/18 v2.0 Configuration of epstopdf for MiKTeX
))
Package caption Info: Begin \AtBeginDocument code.
Package caption Info: hyperref package is loaded.
Package caption Info: End \AtBeginDocument code.
Package hyperref Info: Link coloring OFF on input line 14.
 (main.out) (main.out)
\@outlinefile=\write3
\openout3 = `main.out'.

LaTeX Font Info:    External font `cmex10' loaded for size
(Font)              <12> on input line 17.
LaTeX Font Info:    External font `cmex10' loaded for size
(Font)              <8> on input line 17.
LaTeX Font Info:    External font `cmex10' loaded for size
(Font)              <6> on input line 17.
<Gráficos/rastringin.png, id=3, 974.64125pt x 815.045pt>
File: Gráficos/rastringin.png Graphic file (type png)
<use Gráficos/rastringin.png>
Package pdftex.def Info: Gráficos/rastringin.png  used on input line 23.
(pdftex.def)             Requested size: 172.5pt x 144.25175pt.
<Curvas de Nível/curva_nivel_rastringin.png, id=4, 548.0475pt x 436.63126pt>
File: Curvas de Nível/curva_nivel_rastringin.png Graphic file (type png)
<use Curvas de Nível/curva_nivel_rastringin.png>
Package pdftex.def Info: Curvas de Nível/curva_nivel_rastringin.png  used on input line 25.
(pdftex.def)             Requested size: 172.5pt x 137.43297pt.
LaTeX Font Info:    External font `cmex10' loaded for size
(Font)              <7> on input line 33.
LaTeX Font Info:    External font `cmex10' loaded for size
(Font)              <5> on input line 33.
 [1

{C:/Users/Pichau/AppData/Local/MiKTeX/fonts/map/pdftex/pdftex.map} <./Gráficos/rastringin.png (PNG copy)> <./Curvas de Nível/curva_nivel_rastringin.png (PNG copy)>]
<trajetoria_rastringin.png, id=16, 546.04pt x 471.7625pt>
File: trajetoria_rastringin.png Graphic file (type png)
<use trajetoria_rastringin.png>
Package pdftex.def Info: trajetoria_rastringin.png  used on input line 51.
(pdftex.def)             Requested size: 345.0pt x 298.06856pt.
<Gráficos/rosenbrock.png, id=17, 1011.78pt x 829.0975pt>
File: Gráficos/rosenbrock.png Graphic file (type png)
<use Gráficos/rosenbrock.png>
Package pdftex.def Info: Gráficos/rosenbrock.png  used on input line 59.
(pdftex.def)             Requested size: 172.5pt x 141.34953pt.
<Curvas de Nível/curva_nivel_rosenbrock.png, id=18, 548.0475pt x 436.63126pt>
File: Curvas de Nível/curva_nivel_rosenbrock.png Graphic file (type png)
<use Curvas de Nível/curva_nivel_rosenbrock.png>
Package pdftex.def Info: Curvas de Nível/curva_nivel_rosenbrock.png  used on input line 61.
(pdftex.def)             Requested size: 172.5pt x 137.43297pt.
 [2 <./trajetoria_rastringin.png (PNG copy)>]
<trajetoria_rosenbrock.png, id=33, 536.0025pt x 471.7625pt>
File: trajetoria_rosenbrock.png Graphic file (type png)
<use trajetoria_rosenbrock.png>
Package pdftex.def Info: trajetoria_rosenbrock.png  used on input line 86.
(pdftex.def)             Requested size: 345.0pt x 303.6474pt.
 [3 <./Gráficos/rosenbrock.png (PNG copy)> <./Curvas de Nível/curva_nivel_rosenbrock.png (PNG copy)>]
<Gráficos/griewank.png, id=41, 985.6825pt x 829.0975pt>
File: Gráficos/griewank.png Graphic file (type png)
<use Gráficos/griewank.png>
Package pdftex.def Info: Gráficos/griewank.png  used on input line 95.
(pdftex.def)             Requested size: 172.5pt x 145.09424pt.
<Curvas de Nível/curva_nivel_griewank.png, id=42, 578.16pt x 436.63126pt>
File: Curvas de Nível/curva_nivel_griewank.png Graphic file (type png)
<use Curvas de Nível/curva_nivel_griewank.png>
Package pdftex.def Info: Curvas de Nível/curva_nivel_griewank.png  used on input line 97.
(pdftex.def)             Requested size: 172.5pt x 130.27084pt.
 [4 <./trajetoria_rosenbrock.png (PNG copy)>]
<trajetoria_griewank.png, id=50, 414.8298pt x 339.669pt>
File: trajetoria_griewank.png Graphic file (type png)
<use trajetoria_griewank.png>
Package pdftex.def Info: trajetoria_griewank.png  used on input line 122.
(pdftex.def)             Requested size: 345.0pt x 282.5005pt.
 [5 <./Gráficos/griewank.png (PNG copy)> <./Curvas de Nível/curva_nivel_griewank.png (PNG copy)>]
<Gráficos/six_hump.png, id=59, 984.67876pt x 829.0975pt>
File: Gráficos/six_hump.png Graphic file (type png)
<use Gráficos/six_hump.png>
Package pdftex.def Info: Gráficos/six_hump.png  used on input line 132.
(pdftex.def)             Requested size: 172.5pt x 145.2334pt.
<Curvas de Nível/curva_nivel_six_hump.png, id=60, 565.11125pt x 436.63126pt>
File: Curvas de Nível/curva_nivel_six_hump.png Graphic file (type png)
<use Curvas de Nível/curva_nivel_six_hump.png>
Package pdftex.def Info: Curvas de Nível/curva_nivel_six_hump.png  used on input line 134.
(pdftex.def)             Requested size: 172.5pt x 133.2756pt.

Overfull \hbox (3.83292pt too wide) in paragraph at lines 129--136
[]\OT1/cmr/m/n/10 E uma fun^^Xc~ao mul-ti-modal, difer-enci^^Savel e n~ao con-vexa.Ela ap-re-senta seis m^^S^^Pnimos
 []

[6 <./trajetoria_griewank.png>]
<trajetoria_six_hump.png, id=69, 395.3169pt x 339.669pt>
File: trajetoria_six_hump.png Graphic file (type png)
<use trajetoria_six_hump.png>
Package pdftex.def Info: trajetoria_six_hump.png  used on input line 159.
(pdftex.def)             Requested size: 345.0pt x 296.43738pt.
 [7 <./Gráficos/six_hump.png (PNG copy)> <./Curvas de Nível/curva_nivel_six_hump.png (PNG copy)>]
<Gráficos/sphere.png, id=78, 974.64125pt x 815.045pt>
File: Gráficos/sphere.png Graphic file (type png)
<use Gráficos/sphere.png>
Package pdftex.def Info: Gráficos/sphere.png  used on input line 170.
(pdftex.def)             Requested size: 172.5pt x 144.25175pt.
<Curvas de Nível/curva_nivel_sphere.png, id=79, 548.0475pt x 436.63126pt>
File: Curvas de Nível/curva_nivel_sphere.png Graphic file (type png)
<use Curvas de Nível/curva_nivel_sphere.png>
Package pdftex.def Info: Curvas de Nível/curva_nivel_sphere.png  used on input line 172.
(pdftex.def)             Requested size: 172.5pt x 137.43297pt.
 [8 <./trajetoria_six_hump.png>]
<trajetoria_sphere.png, id=88, 395.3169pt x 339.669pt>
File: trajetoria_sphere.png Graphic file (type png)
<use trajetoria_sphere.png>
Package pdftex.def Info: trajetoria_sphere.png  used on input line 197.
(pdftex.def)             Requested size: 345.0pt x 296.43738pt.
 [9 <./Gráficos/sphere.png (PNG copy)> <./Curvas de Nível/curva_nivel_sphere.png (PNG copy)>]
<Gráficos/ackley.png, id=96, 1000.73875pt x 821.0675pt>
File: Gráficos/ackley.png Graphic file (type png)
<use Gráficos/ackley.png>
Package pdftex.def Info: Gráficos/ackley.png  used on input line 206.
(pdftex.def)             Requested size: 172.5pt x 141.52153pt.
<Curvas de Nível/curva_nivel_ackley.png, id=97, 556.0775pt x 436.63126pt>
File: Curvas de Nível/curva_nivel_ackley.png Graphic file (type png)
<use Curvas de Nível/curva_nivel_ackley.png>
Package pdftex.def Info: Curvas de Nível/curva_nivel_ackley.png  used on input line 208.
(pdftex.def)             Requested size: 172.5pt x 135.44756pt.
 [10 <./trajetoria_sphere.png>]
<trajetoria_ackley.png, id=106, 408.3255pt x 339.669pt>
File: trajetoria_ackley.png Graphic file (type png)
<use trajetoria_ackley.png>
Package pdftex.def Info: trajetoria_ackley.png  used on input line 233.
(pdftex.def)             Requested size: 345.0pt x 286.99928pt.
 [11 <./Gráficos/ackley.png (PNG copy)> <./Curvas de Nível/curva_nivel_ackley.png (PNG copy)>] [12 <./trajetoria_ackley.png>] (main.aux)
 ***********
LaTeX2e <2025-11-01>
L3 programming layer <2026-01-19>
 ***********


LaTeX Warning: There were multiply-defined labels.

Package rerunfilecheck Info: File `main.out' has not changed.
(rerunfilecheck)             Checksum: D41D8CD98F00B204E9800998ECF8427E;0.
 ) 
Here is how much of TeX's memory you used:
 11270 strings out of 467866
 184349 string characters out of 5428378
 588899 words of memory out of 5000000
 39988 multiletter control sequences out of 15000+600000
 631836 words of font info for 54 fonts, out of 8000000 for 9000
 1141 hyphenation exceptions out of 8191
 75i,12n,79p,392b,445s stack positions out of 10000i,1000n,20000p,200000b,200000s
<C:/Program Files/MiKTeX/fonts/type1/public/amsfonts/cm/cmbx12.pfb><C:/Program Files/MiKTeX/fonts/type1/public/amsfonts/cm/cmmi10.pfb><C:/Program Files/MiKTeX/fonts/type1/public/amsfonts/cm/cmmi12.pfb><C:/Program Files/MiKTeX/fonts/type1/public/amsfonts/cm/cmr10.pfb><C:/Program Files/MiKTeX/fonts/type1/public/amsfonts/cm/cmr12.pfb><C:/Program Files/MiKTeX/fonts/type1/public/amsfonts/cm/cmr17.pfb><C:/Program Files/MiKTeX/fonts/type1/public/amsfonts/cm/cmr7.pfb><C:/Program Files/MiKTeX/fonts/type1/public/amsfonts/cm/cmsy7.pfb><C:/Program Files/MiKTeX/fonts/type1/public/amsfonts/cm/cmsy8.pfb><C:/Program Files/MiKTeX/fonts/type1/public/amsfonts/cm/cmtt10.pfb>
Output written on main.pdf (12 pages, 4840692 bytes).
PDF statistics:
 185 PDF objects out of 1000 (max. 8388607)
 53 named destinations out of 1000 (max. 500000)
 91 words of extra memory for PDF output out of 10000 (max. 10000000)

