\BOOKMARK [1][-]{section.1}{\376\377\000I\000n\000t\000r\000o\000d\000u\000\347\000\343\000o}{}% 1
\BOOKMARK [1][-]{section.2}{\376\377\000M\000e\000t\000o\000d\000o\000l\000o\000g\000i\000a}{}% 2
\BOOKMARK [2][-]{subsection.2.1}{\376\377\000A\000b\000o\000r\000d\000a\000g\000e\000m\000\040\000G\000e\000r\000a\000l}{section.2}% 3
\BOOKMARK [2][-]{subsection.2.2}{\376\377\000M\000e\000d\000i\000d\000a\000s\000\040\000E\000s\000t\000a\000t\000\355\000s\000t\000i\000c\000a\000s\000\040\000U\000t\000i\000l\000i\000z\000a\000d\000a\000s}{section.2}% 4
\BOOKMARK [1][-]{section.3}{\376\377\000I\000t\000e\000m\000\040\0001\000:\000\040\000G\000a\000s\000t\000o\000\040\000D\000i\000\341\000r\000i\000o\000\040\000c\000o\000m\000\040\000C\000o\000m\000b\000u\000s\000t\000\355\000v\000e\000l}{}% 5
\BOOKMARK [2][-]{subsection.3.1}{\376\377\000D\000e\000s\000c\000r\000i\000\347\000\343\000o\000\040\000d\000o\000\040\000P\000r\000o\000b\000l\000e\000m\000a}{section.3}% 6
\BOOKMARK [3][-]{subsubsection.3.1.1}{\376\377\000D\000a\000d\000o\000s\000\040\000C\000o\000l\000e\000t\000a\000d\000o\000s}{subsection.3.1}% 7
\BOOKMARK [2][-]{subsection.3.2}{\376\377\000M\000o\000d\000e\000l\000o\000\040\000d\000e\000\040\000S\000i\000m\000u\000l\000a\000\347\000\343\000o}{section.3}% 8
\BOOKMARK [2][-]{subsection.3.3}{\376\377\000R\000e\000s\000u\000l\000t\000a\000d\000o\000s\000\040\000I\000t\000e\000m\000\040\0001}{section.3}% 9
\BOOKMARK [3][-]{subsubsection.3.3.1}{\376\377\000A\000n\000\341\000l\000i\000s\000e\000\040\000d\000e\000\040\000C\000o\000n\000t\000i\000n\000g\000\352\000n\000c\000i\000a}{subsection.3.3}% 10
\BOOKMARK [3][-]{subsubsection.3.3.2}{\376\377\000V\000i\000s\000u\000a\000l\000i\000z\000a\000\347\000\365\000e\000s}{subsection.3.3}% 11
\BOOKMARK [1][-]{section.4}{\376\377\000I\000t\000e\000m\000\040\0002\000:\000\040\000C\000u\000s\000t\000o\000\040\000A\000n\000u\000a\000l\000\040\000c\000o\000m\000\040\000A\000l\000m\000o\000\347\000o\000s\000\040\000d\000e\000\040\000E\000x\000e\000c\000u\000t\000i\000v\000o\000s}{}% 12
\BOOKMARK [2][-]{subsection.4.1}{\376\377\000D\000e\000s\000c\000r\000i\000\347\000\343\000o\000\040\000d\000o\000\040\000P\000r\000o\000b\000l\000e\000m\000a}{section.4}% 13
\BOOKMARK [3][-]{subsubsection.4.1.1}{\376\377\000D\000a\000d\000o\000s\000\040\000C\000o\000l\000e\000t\000a\000d\000o\000s}{subsection.4.1}% 14
\BOOKMARK [2][-]{subsection.4.2}{\376\377\000M\000o\000d\000e\000l\000o\000\040\000d\000e\000\040\000S\000i\000m\000u\000l\000a\000\347\000\343\000o}{section.4}% 15
\BOOKMARK [2][-]{subsection.4.3}{\376\377\000R\000e\000s\000u\000l\000t\000a\000d\000o\000s\000\040\000I\000t\000e\000m\000\040\0002}{section.4}% 16
\BOOKMARK [3][-]{subsubsection.4.3.1}{\376\377\000A\000n\000\341\000l\000i\000s\000e\000\040\000d\000e\000\040\000C\000o\000n\000t\000i\000n\000g\000\352\000n\000c\000i\000a}{subsection.4.3}% 17
\BOOKMARK [3][-]{subsubsection.4.3.2}{\376\377\000A\000n\000\341\000l\000i\000s\000e\000\040\000C\000o\000m\000p\000a\000r\000a\000t\000i\000v\000a}{subsection.4.3}% 18
\BOOKMARK [3][-]{subsubsection.4.3.3}{\376\377\000V\000i\000s\000u\000a\000l\000i\000z\000a\000\347\000\365\000e\000s}{subsection.4.3}% 19
\BOOKMARK [1][-]{section.5}{\376\377\000C\000o\000n\000c\000l\000u\000s\000\365\000e\000s}{}% 20
\BOOKMARK [2][-]{subsection.5.1}{\376\377\000P\000r\000i\000n\000c\000i\000p\000a\000i\000s\000\040\000A\000c\000h\000a\000d\000o\000s}{section.5}% 21
\BOOKMARK [2][-]{subsection.5.2}{\376\377\000R\000e\000c\000o\000m\000e\000n\000d\000a\000\347\000\365\000e\000s\000\040\000p\000a\000r\000a\000\040\000T\000o\000m\000a\000d\000a\000\040\000d\000e\000\040\000D\000e\000c\000i\000s\000\343\000o}{section.5}% 22
\BOOKMARK [2][-]{subsection.5.3}{\376\377\000L\000i\000m\000i\000t\000a\000\347\000\365\000e\000s\000\040\000e\000\040\000C\000o\000n\000s\000i\000d\000e\000r\000a\000\347\000\365\000e\000s}{section.5}% 23
